\BOOKMARK [1][-]{section.1}{Installing OPI is Easy}{}% 1
\BOOKMARK [1][-]{section.2}{It Was Not THAT Easy\203}{}% 2
\BOOKMARK [1][-]{section.3}{Init Process \205 Step by Step}{}% 3
\BOOKMARK [2][-]{subsection.3.1}{Master Password Selection}{section.3}% 4
\BOOKMARK [2][-]{subsection.3.2}{Add First User}{section.3}% 5
\BOOKMARK [2][-]{subsection.3.3}{Select your OPI Name}{section.3}% 6
\BOOKMARK [2][-]{subsection.3.4}{OPI is unlocked}{section.3}% 7
\BOOKMARK [2][-]{subsection.3.5}{Sign In}{section.3}% 8
\BOOKMARK [2][-]{subsection.3.6}{Navigation Between Applications}{section.3}% 9
\BOOKMARK [2][-]{subsection.3.7}{LEDs}{section.3}% 10
\BOOKMARK [1][-]{section.4}{Recommended Extended Setup}{}% 11
\BOOKMARK [2][-]{subsection.4.1}{Enable Backup}{section.4}% 12
\BOOKMARK [2][-]{subsection.4.2}{Mail Setup}{section.4}% 13
\BOOKMARK [3][-]{subsubsection.4.2.1}{Outgoing Mail Server}{subsection.4.2}% 14
\BOOKMARK [3][-]{subsubsection.4.2.2}{Receiving Mail}{subsection.4.2}% 15
\BOOKMARK [3][-]{subsubsection.4.2.3}{Fetch External Mail}{subsection.4.2}% 16
\BOOKMARK [2][-]{subsection.4.3}{Users and Groups}{section.4}% 17
\BOOKMARK [3][-]{subsubsection.4.3.1}{Adding users}{subsection.4.3}% 18
\BOOKMARK [3][-]{subsubsection.4.3.2}{Adding Groups}{subsection.4.3}% 19
\BOOKMARK [2][-]{subsection.4.4}{Network Configuration}{section.4}% 20
\BOOKMARK [3][-]{subsubsection.4.4.1}{Network Settings}{subsection.4.4}% 21
\BOOKMARK [3][-]{subsubsection.4.4.2}{OPI name}{subsection.4.4}% 22
\BOOKMARK [1][-]{section.5}{Install OPI Sync Android Application}{}% 23
\BOOKMARK [1][-]{section.6}{Configure Web Mail Client}{}% 24
\BOOKMARK [1][-]{section.7}{Further Reading}{}% 25
